<?xml version="1.0" encoding="UTF-8"?>
<!-- Generated by org.testng.reporters.JUnitReportReporter -->
<testsuite hostname="Anvesh" failures="0" tests="3" name="rahulshettyacademy.tests.SubmitOrderTest" time="38.767" errors="0" timestamp="2024-06-19T13:23:08 CDT" skipped="0">
  <testcase classname="rahulshettyacademy.tests.SubmitOrderTest" name="submitOrder" time="12.603"/>
  <testcase classname="rahulshettyacademy.tests.SubmitOrderTest" name="submitOrder" time="17.232"/>
  <testcase classname="rahulshettyacademy.tests.SubmitOrderTest" name="OrderHistoryTest" time="8.932"/>
</testsuite> <!-- rahulshettyacademy.tests.SubmitOrderTest -->
