<?xml version="1.0" encoding="UTF-8"?>
<!-- Generated by org.testng.reporters.JUnitReportReporter -->
<testsuite hostname="Anvesh" failures="0" tests="1" name="rahulshettyacademy.tests.ErrorValidations" time="16.096" errors="0" timestamp="2024-06-18T11:02:58 CDT" skipped="0">
  <testcase classname="rahulshettyacademy.tests.ErrorValidations" name="loginErrorValidation" time="16.096"/>
</testsuite> <!-- rahulshettyacademy.tests.ErrorValidations -->
