<?xml version="1.0" encoding="UTF-8"?>
<!-- Generated by org.testng.reporters.JUnitReportReporter -->
<testsuite hostname="Anvesh" failures="0" tests="2" name="rahulshettyacademy.tests.ErrorValidationsTests" time="17.629" errors="0" timestamp="2024-06-20T23:24:04 CDT" skipped="0">
  <testcase classname="rahulshettyacademy.tests.ErrorValidationsTests" name="loginErrorValidation" time="6.853"/>
  <testcase classname="rahulshettyacademy.tests.ErrorValidationsTests" name="productErrorValidation" time="10.776"/>
</testsuite> <!-- rahulshettyacademy.tests.ErrorValidationsTests -->
