<?xml version="1.0" encoding="UTF-8"?>
<!-- Generated by org.testng.reporters.JUnitReportReporter -->
<testsuite hostname="Anvesh" failures="0" tests="1" name="Cucumber.TestNGTestRunner" time="13.810" errors="0" timestamp="2024-06-20T23:25:57 CDT" skipped="0">
  <testcase classname="Cucumber.TestNGTestRunner" name="runScenario" time="13.810"/>
</testsuite> <!-- Cucumber.TestNGTestRunner -->
