<?xml version="1.0" encoding="UTF-8"?>
<!-- Generated by org.testng.reporters.JUnitReportReporter -->
<testsuite hostname="Anvesh" failures="0" tests="3" name="rahulshettyacademy.tests.SubmitOrderTest" time="34.779" errors="0" timestamp="2024-06-20T23:24:04 CDT" skipped="0">
  <testcase classname="rahulshettyacademy.tests.SubmitOrderTest" name="OrderHistoryTest" time="8.151"/>
  <testcase classname="rahulshettyacademy.tests.SubmitOrderTest" name="submitOrder" time="13.581"/>
  <testcase classname="rahulshettyacademy.tests.SubmitOrderTest" name="submitOrder" time="13.047"/>
</testsuite> <!-- rahulshettyacademy.tests.SubmitOrderTest -->
